2019-07-01 10:00:29.049 +0900 - info: >> Server init
2019-07-01 10:00:29.064 +0900 - info: >> Router init
2019-07-01 10:00:29.065 +0900 - info: >> Error init
2019-07-01 10:00:29.066 +0900 - info: >> Server Start
2019-07-01 10:00:29.075 +0900 - info: 서버 시작 : http://127.0.0.1:80
2019-07-01 10:00:42.406 +0900 - info: 세션 생성 : {"id":"nhr0799","pw":"1234"}
2019-07-01 10:00:43.678 +0900 - info: 세션 삭제 : {"id":"nhr0799","pw":"1234"}
2019-07-01 10:00:43.679 +0900 - info: 로그아웃 완료!
2019-07-01 10:09:15.589 +0900 - info: >> Server init
2019-07-01 10:09:15.605 +0900 - info: >> Router init
2019-07-01 10:09:15.606 +0900 - info: >> Error init
2019-07-01 10:09:15.607 +0900 - info: >> Server Start
2019-07-01 10:09:15.616 +0900 - info: 서버 시작 : http://127.0.0.1:80
2019-07-01 16:19:49.331 +0900 - info: >> Server init
2019-07-01 16:19:49.346 +0900 - info: >> Router init
2019-07-01 16:19:49.346 +0900 - info: >> Error init
2019-07-01 16:19:49.347 +0900 - info: >> Server Start
2019-07-01 16:19:49.356 +0900 - info: 서버 시작 : http://127.0.0.1:80
2019-07-01 18:20:34.183 +0900 - info: >> Server init
2019-07-01 18:20:34.198 +0900 - info: >> Router init
2019-07-01 18:20:34.199 +0900 - info: >> Error init
2019-07-01 18:20:34.200 +0900 - info: >> Server Start
2019-07-01 18:20:34.210 +0900 - info: 서버 시작 : http://127.0.0.1:80
